<?xml version="1.0" encoding="UTF-8"?>
<testsuite xmlns:xsi="http://www.w3.org/2001/XMLSchema-instance" xsi:noNamespaceSchemaLocation="https://maven.apache.org/surefire/maven-surefire-plugin/xsd/surefire-test-report-3.0.xsd" version="3.0" name="com.fssa.librarymanagement.validation.TestBookValidation" time="0.145" tests="35" errors="0" skipped="0" failures="0">
  <properties>
    <property name="java.specification.version" value="17"/>
    <property name="sun.cpu.isalist" value="amd64"/>
    <property name="sun.jnu.encoding" value="Cp1252"/>
    <property name="java.class.path" value="C:\Users\KishorMuruganandham\eclipse-workspace\LibraryManagement\target\test-classes;C:\Users\KishorMuruganandham\eclipse-workspace\LibraryManagement\target\classes;C:\Users\KishorMuruganandham\.m2\repository\org\junit\jupiter\junit-jupiter\5.9.1\junit-jupiter-5.9.1.jar;C:\Users\KishorMuruganandham\.m2\repository\org\junit\jupiter\junit-jupiter-params\5.9.1\junit-jupiter-params-5.9.1.jar;C:\Users\KishorMuruganandham\.m2\repository\org\junit\jupiter\junit-jupiter-api\5.9.1\junit-jupiter-api-5.9.1.jar;C:\Users\KishorMuruganandham\.m2\repository\org\opentest4j\opentest4j\1.2.0\opentest4j-1.2.0.jar;C:\Users\KishorMuruganandham\.m2\repository\org\junit\platform\junit-platform-commons\1.9.1\junit-platform-commons-1.9.1.jar;C:\Users\KishorMuruganandham\.m2\repository\org\apiguardian\apiguardian-api\1.1.2\apiguardian-api-1.1.2.jar;C:\Users\KishorMuruganandham\.m2\repository\org\junit\jupiter\junit-jupiter-engine\5.9.1\junit-jupiter-engine-5.9.1.jar;C:\Users\KishorMuruganandham\.m2\repository\org\junit\platform\junit-platform-engine\1.9.1\junit-platform-engine-1.9.1.jar;C:\Users\KishorMuruganandham\.m2\repository\org\mindrot\jbcrypt\0.4\jbcrypt-0.4.jar;C:\Users\KishorMuruganandham\.m2\repository\com\mysql\mysql-connector-j\8.0.33\mysql-connector-j-8.0.33.jar;C:\Users\KishorMuruganandham\.m2\repository\com\google\protobuf\protobuf-java\3.21.9\protobuf-java-3.21.9.jar;C:\Users\KishorMuruganandham\.m2\repository\junit\junit\4.13.1\junit-4.13.1.jar;C:\Users\KishorMuruganandham\.m2\repository\org\hamcrest\hamcrest-core\1.3\hamcrest-core-1.3.jar;C:\Users\KishorMuruganandham\.m2\repository\com\cloudinary\cloudinary-http44\1.27.0\cloudinary-http44-1.27.0.jar;C:\Users\KishorMuruganandham\.m2\repository\com\cloudinary\cloudinary-core\1.27.0\cloudinary-core-1.27.0.jar;C:\Users\KishorMuruganandham\.m2\repository\org\apache\commons\commons-lang3\3.1\commons-lang3-3.1.jar;C:\Users\KishorMuruganandham\.m2\repository\org\apache\httpcomponents\httpclient\4.4\httpclient-4.4.jar;C:\Users\KishorMuruganandham\.m2\repository\org\apache\httpcomponents\httpcore\4.4\httpcore-4.4.jar;C:\Users\KishorMuruganandham\.m2\repository\commons-logging\commons-logging\1.2\commons-logging-1.2.jar;C:\Users\KishorMuruganandham\.m2\repository\commons-codec\commons-codec\1.9\commons-codec-1.9.jar;C:\Users\KishorMuruganandham\.m2\repository\org\apache\httpcomponents\httpmime\4.4\httpmime-4.4.jar;C:\Users\KishorMuruganandham\.m2\repository\javax\mail\javax.mail-api\1.6.2\javax.mail-api-1.6.2.jar;"/>
    <property name="java.vm.vendor" value="Oracle Corporation"/>
    <property name="sun.arch.data.model" value="64"/>
    <property name="user.variant" value=""/>
    <property name="java.vendor.url" value="https://java.oracle.com/"/>
    <property name="user.timezone" value="Asia/Calcutta"/>
    <property name="os.name" value="Windows 11"/>
    <property name="java.vm.specification.version" value="17"/>
    <property name="sun.java.launcher" value="SUN_STANDARD"/>
    <property name="user.country" value="IN"/>
    <property name="sun.boot.library.path" value="C:\Program Files\Java\jdk-17\bin"/>
    <property name="sun.java.command" value="C:\Users\KishorMuruganandham\AppData\Local\Temp\surefire15795805330136720654\surefirebooter-20230917034635127_3.jar C:\Users\KishorMuruganandham\AppData\Local\Temp\surefire15795805330136720654 2023-09-17T03-46-12_822-jvmRun1 surefire-20230917034635127_1tmp surefire_0-20230917034635127_2tmp"/>
    <property name="jdk.debug" value="release"/>
    <property name="surefire.test.class.path" value="C:\Users\KishorMuruganandham\eclipse-workspace\LibraryManagement\target\test-classes;C:\Users\KishorMuruganandham\eclipse-workspace\LibraryManagement\target\classes;C:\Users\KishorMuruganandham\.m2\repository\org\junit\jupiter\junit-jupiter\5.9.1\junit-jupiter-5.9.1.jar;C:\Users\KishorMuruganandham\.m2\repository\org\junit\jupiter\junit-jupiter-params\5.9.1\junit-jupiter-params-5.9.1.jar;C:\Users\KishorMuruganandham\.m2\repository\org\junit\jupiter\junit-jupiter-api\5.9.1\junit-jupiter-api-5.9.1.jar;C:\Users\KishorMuruganandham\.m2\repository\org\opentest4j\opentest4j\1.2.0\opentest4j-1.2.0.jar;C:\Users\KishorMuruganandham\.m2\repository\org\junit\platform\junit-platform-commons\1.9.1\junit-platform-commons-1.9.1.jar;C:\Users\KishorMuruganandham\.m2\repository\org\apiguardian\apiguardian-api\1.1.2\apiguardian-api-1.1.2.jar;C:\Users\KishorMuruganandham\.m2\repository\org\junit\jupiter\junit-jupiter-engine\5.9.1\junit-jupiter-engine-5.9.1.jar;C:\Users\KishorMuruganandham\.m2\repository\org\junit\platform\junit-platform-engine\1.9.1\junit-platform-engine-1.9.1.jar;C:\Users\KishorMuruganandham\.m2\repository\org\mindrot\jbcrypt\0.4\jbcrypt-0.4.jar;C:\Users\KishorMuruganandham\.m2\repository\com\mysql\mysql-connector-j\8.0.33\mysql-connector-j-8.0.33.jar;C:\Users\KishorMuruganandham\.m2\repository\com\google\protobuf\protobuf-java\3.21.9\protobuf-java-3.21.9.jar;C:\Users\KishorMuruganandham\.m2\repository\junit\junit\4.13.1\junit-4.13.1.jar;C:\Users\KishorMuruganandham\.m2\repository\org\hamcrest\hamcrest-core\1.3\hamcrest-core-1.3.jar;C:\Users\KishorMuruganandham\.m2\repository\com\cloudinary\cloudinary-http44\1.27.0\cloudinary-http44-1.27.0.jar;C:\Users\KishorMuruganandham\.m2\repository\com\cloudinary\cloudinary-core\1.27.0\cloudinary-core-1.27.0.jar;C:\Users\KishorMuruganandham\.m2\repository\org\apache\commons\commons-lang3\3.1\commons-lang3-3.1.jar;C:\Users\KishorMuruganandham\.m2\repository\org\apache\httpcomponents\httpclient\4.4\httpclient-4.4.jar;C:\Users\KishorMuruganandham\.m2\repository\org\apache\httpcomponents\httpcore\4.4\httpcore-4.4.jar;C:\Users\KishorMuruganandham\.m2\repository\commons-logging\commons-logging\1.2\commons-logging-1.2.jar;C:\Users\KishorMuruganandham\.m2\repository\commons-codec\commons-codec\1.9\commons-codec-1.9.jar;C:\Users\KishorMuruganandham\.m2\repository\org\apache\httpcomponents\httpmime\4.4\httpmime-4.4.jar;C:\Users\KishorMuruganandham\.m2\repository\javax\mail\javax.mail-api\1.6.2\javax.mail-api-1.6.2.jar;"/>
    <property name="sun.cpu.endian" value="little"/>
    <property name="user.home" value="C:\Users\KishorMuruganandham"/>
    <property name="user.language" value="en"/>
    <property name="java.specification.vendor" value="Oracle Corporation"/>
    <property name="java.version.date" value="2023-04-18"/>
    <property name="java.home" value="C:\Program Files\Java\jdk-17"/>
    <property name="file.separator" value="\"/>
    <property name="style.color" value="always"/>
    <property name="basedir" value="C:\Users\KishorMuruganandham\eclipse-workspace\LibraryManagement"/>
    <property name="java.vm.compressedOopsMode" value="32-bit"/>
    <property name="line.separator" value="&#10;"/>
    <property name="java.vm.specification.vendor" value="Oracle Corporation"/>
    <property name="java.specification.name" value="Java Platform API Specification"/>
    <property name="surefire.real.class.path" value="C:\Users\KishorMuruganandham\AppData\Local\Temp\surefire15795805330136720654\surefirebooter-20230917034635127_3.jar"/>
    <property name="user.script" value=""/>
    <property name="sun.management.compiler" value="HotSpot 64-Bit Tiered Compilers"/>
    <property name="java.runtime.version" value="17.0.7+8-LTS-224"/>
    <property name="user.name" value="KishorMuruganandham"/>
    <property name="path.separator" value=";"/>
    <property name="os.version" value="10.0"/>
    <property name="java.runtime.name" value="Java(TM) SE Runtime Environment"/>
    <property name="file.encoding" value="Cp1252"/>
    <property name="java.vm.name" value="Java HotSpot(TM) 64-Bit Server VM"/>
    <property name="localRepository" value="C:\Users\KishorMuruganandham\.m2\repository"/>
    <property name="java.vendor.url.bug" value="https://bugreport.java.com/bugreport/"/>
    <property name="java.io.tmpdir" value="C:\Users\KISHOR~1\AppData\Local\Temp\"/>
    <property name="java.version" value="17.0.7"/>
    <property name="user.dir" value="C:\Users\KishorMuruganandham\eclipse-workspace\LibraryManagement"/>
    <property name="os.arch" value="amd64"/>
    <property name="java.vm.specification.name" value="Java Virtual Machine Specification"/>
    <property name="sun.os.patch.level" value=""/>
    <property name="native.encoding" value="Cp1252"/>
    <property name="java.library.path" value="C:\Program Files\Java\jdk-17\bin;C:\WINDOWS\Sun\Java\bin;C:\WINDOWS\system32;C:\WINDOWS;C:/Users/KishorMuruganandham/Downloads/eclipse-jee-2023-09-R-win32-x86_64/eclipse//plugins/org.eclipse.justj.openjdk.hotspot.jre.full.win32.x86_64_17.0.8.v20230831-1047/jre/bin/server;C:/Users/KishorMuruganandham/Downloads/eclipse-jee-2023-09-R-win32-x86_64/eclipse//plugins/org.eclipse.justj.openjdk.hotspot.jre.full.win32.x86_64_17.0.8.v20230831-1047/jre/bin;C:\Program Files\Eclipse Adoptium\jdk-17.0.8.7-hotspot\bin;C:\Program Files\Common Files\Oracle\Java\javapath;C:\Python311\Scripts\;C:\Python311\;C:\WINDOWS\system32;C:\WINDOWS;C:\WINDOWS\System32\Wbem;C:\WINDOWS\System32\WindowsPowerShell\v1.0\;C:\WINDOWS\System32\OpenSSH\;C:\ProgramData\chocolatey\bin;C:\Program Files\nodejs\;C:\Program Files\Git\cmd;C:\Program Files\MySQL\MySQL Shell 8.0\bin\;C:\Users\KishorMuruganandham\AppData\Local\Microsoft\WindowsApps;C:\Users\KishorMuruganandham\AppData\Local\Programs\Microsoft VS Code\bin;C:\Users\KishorMuruganandham\AppData\Local\GitHubDesktop\bin;C:\Users\KishorMuruganandham\AppData\Roaming\npm;;C:\Users\KishorMuruganandham\Downloads\eclipse-jee-2023-09-R-win32-x86_64\eclipse;;."/>
    <property name="java.vm.info" value="mixed mode, sharing"/>
    <property name="java.vendor" value="Oracle Corporation"/>
    <property name="java.vm.version" value="17.0.7+8-LTS-224"/>
    <property name="sun.io.unicode.encoding" value="UnicodeLittle"/>
    <property name="java.class.version" value="61.0"/>
  </properties>
  <testcase name="testInvalidPublisher_Empty" classname="com.fssa.librarymanagement.validation.TestBookValidation" time="0.005"/>
  <testcase name="testInvalidPublisher_Format" classname="com.fssa.librarymanagement.validation.TestBookValidation" time="0.004"/>
  <testcase name="testInvalidLanguage_Null" classname="com.fssa.librarymanagement.validation.TestBookValidation" time="0.004"/>
  <testcase name="testInvalidGenre_Null" classname="com.fssa.librarymanagement.validation.TestBookValidation" time="0.004"/>
  <testcase name="testInvalidAuthor_Null" classname="com.fssa.librarymanagement.validation.TestBookValidation" time="0.005"/>
  <testcase name="testInvalidCoverImageURL_Format" classname="com.fssa.librarymanagement.validation.TestBookValidation" time="0.01"/>
  <testcase name="testInvalidLanguage_Format" classname="com.fssa.librarymanagement.validation.TestBookValidation" time="0.005"/>
  <testcase name="testValidCoverImageURL" classname="com.fssa.librarymanagement.validation.TestBookValidation" time="0.014"/>
  <testcase name="testInvalidDescription_Null" classname="com.fssa.librarymanagement.validation.TestBookValidation" time="0.001"/>
  <testcase name="testInvalidPublisher_Null" classname="com.fssa.librarymanagement.validation.TestBookValidation" time="0.001"/>
  <testcase name="testInvalidTitle_Format" classname="com.fssa.librarymanagement.validation.TestBookValidation" time="0.001"/>
  <testcase name="testValidPublisher" classname="com.fssa.librarymanagement.validation.TestBookValidation" time="0.003"/>
  <testcase name="testInvalidGenre_Format" classname="com.fssa.librarymanagement.validation.TestBookValidation" time="0.002"/>
  <testcase name="testValidGenre" classname="com.fssa.librarymanagement.validation.TestBookValidation" time="0.002"/>
  <testcase name="testValidTitle" classname="com.fssa.librarymanagement.validation.TestBookValidation" time="0.001"/>
  <testcase name="testValidLanguage" classname="com.fssa.librarymanagement.validation.TestBookValidation" time="0.001"/>
  <testcase name="testValidDescription" classname="com.fssa.librarymanagement.validation.TestBookValidation" time="0.001"/>
  <testcase name="testInvalidAuthor_Format" classname="com.fssa.librarymanagement.validation.TestBookValidation" time="0.001"/>
  <testcase name="testInvalidAuthor_Empty" classname="com.fssa.librarymanagement.validation.TestBookValidation" time="0.003"/>
  <testcase name="testInvalidCoverImageURL_Null" classname="com.fssa.librarymanagement.validation.TestBookValidation" time="0.001"/>
  <testcase name="testValidTotalCopies" classname="com.fssa.librarymanagement.validation.TestBookValidation" time="0.001"/>
  <testcase name="testInvalidCoverImageURL_Empty" classname="com.fssa.librarymanagement.validation.TestBookValidation" time="0.001"/>
  <testcase name="testInvalidLoanedCopies" classname="com.fssa.librarymanagement.validation.TestBookValidation" time="0.003"/>
  <testcase name="testValidLoanedCopies" classname="com.fssa.librarymanagement.validation.TestBookValidation" time="0.001"/>
  <testcase name="testInvalidLoanedCopies_LessThanZero" classname="com.fssa.librarymanagement.validation.TestBookValidation" time="0.002"/>
  <testcase name="testInvalidTotalCopies" classname="com.fssa.librarymanagement.validation.TestBookValidation" time="0.002"/>
  <testcase name="testInvalidAvailableCopies" classname="com.fssa.librarymanagement.validation.TestBookValidation" time="0.002"/>
  <testcase name="testInvalidGenre_Empty" classname="com.fssa.librarymanagement.validation.TestBookValidation" time="0.002"/>
  <testcase name="testValidAvailableCopies" classname="com.fssa.librarymanagement.validation.TestBookValidation" time="0.001"/>
  <testcase name="testValidAuthor" classname="com.fssa.librarymanagement.validation.TestBookValidation" time="0.001"/>
  <testcase name="testInvalidTitle" classname="com.fssa.librarymanagement.validation.TestBookValidation" time="0.001"/>
  <testcase name="testInvalid_Null" classname="com.fssa.librarymanagement.validation.TestBookValidation" time="0.001"/>
  <testcase name="testInvalidDescription_Empty" classname="com.fssa.librarymanagement.validation.TestBookValidation" time="0.002"/>
  <testcase name="testInvalidAvailableCopies_LessThanZero" classname="com.fssa.librarymanagement.validation.TestBookValidation" time="0.003"/>
  <testcase name="testInvalidLanguage_Empty" classname="com.fssa.librarymanagement.validation.TestBookValidation" time="0.001"/>
</testsuite>